<?xml version="1.0" encoding="UTF-8"?>
<testng-results ignored="0" total="8" passed="7" failed="1" skipped="0">
  <reporter-output>
  </reporter-output>
  <suite started-at="2023-08-10T12:22:48 IST" name="Suite" finished-at="2023-08-10T12:42:16 IST" duration-ms="1168085">
    <groups>
    </groups>
    <test started-at="2023-08-10T12:22:48 IST" name="Test" finished-at="2023-08-10T12:42:16 IST" duration-ms="1168085">
      <class name="Tests.Menu5test">
        <test-method is-config="true" signature="setup()[pri:0, instance:Tests.Menu5test@2e6a8155]" started-at="2023-08-10T12:38:20 IST" name="setup" finished-at="2023-08-10T12:39:33 IST" duration-ms="73426" status="PASS">
          <reporter-output>
          </reporter-output>
        </test-method> <!-- setup -->
        <test-method signature="perform()[pri:0, instance:Tests.Menu5test@2e6a8155]" started-at="2023-08-10T12:39:33 IST" name="perform" finished-at="2023-08-10T12:40:19 IST" duration-ms="45508" status="PASS">
          <reporter-output>
          </reporter-output>
        </test-method> <!-- perform -->
      </class> <!-- Tests.Menu5test -->
      <class name="Tests.CartTest">
        <test-method is-config="true" signature="setup()[pri:0, instance:Tests.CartTest@70e9c95d]" started-at="2023-08-10T12:24:00 IST" name="setup" finished-at="2023-08-10T12:24:56 IST" duration-ms="55440" status="PASS">
          <reporter-output>
          </reporter-output>
        </test-method> <!-- setup -->
        <test-method signature="adcart()[pri:0, instance:Tests.CartTest@70e9c95d]" started-at="2023-08-10T12:24:56 IST" name="adcart" finished-at="2023-08-10T12:25:03 IST" duration-ms="7007" status="FAIL">
          <exception class="org.openqa.selenium.NoSuchElementException">
            <message>
              <![CDATA[no such element: Unable to locate element: {"method":"xpath","selector":"//*[@id="__next"]/div[2]/div/div[2]/div/div/div/div[2]/button"}
  (Session info: chrome=115.0.5790.171)
For documentation on this error, please visit: https://selenium.dev/exceptions/#no_such_element
Build info: version: '4.9.0', revision: 'd7057100a6'
System info: os.name: 'Windows 10', os.arch: 'amd64', os.version: '10.0', java.version: '17.0.6'
Driver info: org.openqa.selenium.chrome.ChromeDriver
Command: [0a486ca5541fd68998bc7001e393191b, findElement {using=xpath, value=//*[@id="__next"]/div[2]/div/div[2]/div/div/div/div[2]/button}]
Capabilities {acceptInsecureCerts: false, browserName: chrome, browserVersion: 115.0.5790.171, chrome: {chromedriverVersion: 114.0.5735.90 (386bc09e8f4f..., userDataDir: C:\Users\HP\AppData\Local\T...}, goog:chromeOptions: {debuggerAddress: localhost:50836}, networkConnectionEnabled: false, pageLoadStrategy: normal, platformName: WINDOWS, proxy: Proxy(), se:cdp: ws://localhost:50836/devtoo..., se:cdpVersion: 115.0.5790.171, setWindowRect: true, strictFileInteractability: false, timeouts: {implicit: 0, pageLoad: 300000, script: 30000}, unhandledPromptBehavior: dismiss and notify, webauthn:extension:credBlob: true, webauthn:extension:largeBlob: true, webauthn:extension:minPinLength: true, webauthn:extension:prf: true, webauthn:virtualAuthenticators: true}
Session ID: 0a486ca5541fd68998bc7001e393191b]]>
            </message>
            <full-stacktrace>
              <![CDATA[org.openqa.selenium.NoSuchElementException: no such element: Unable to locate element: {"method":"xpath","selector":"//*[@id="__next"]/div[2]/div/div[2]/div/div/div/div[2]/button"}
  (Session info: chrome=115.0.5790.171)
For documentation on this error, please visit: https://selenium.dev/exceptions/#no_such_element
Build info: version: '4.9.0', revision: 'd7057100a6'
System info: os.name: 'Windows 10', os.arch: 'amd64', os.version: '10.0', java.version: '17.0.6'
Driver info: org.openqa.selenium.chrome.ChromeDriver
Command: [0a486ca5541fd68998bc7001e393191b, findElement {using=xpath, value=//*[@id="__next"]/div[2]/div/div[2]/div/div/div/div[2]/button}]
Capabilities {acceptInsecureCerts: false, browserName: chrome, browserVersion: 115.0.5790.171, chrome: {chromedriverVersion: 114.0.5735.90 (386bc09e8f4f..., userDataDir: C:\Users\HP\AppData\Local\T...}, goog:chromeOptions: {debuggerAddress: localhost:50836}, networkConnectionEnabled: false, pageLoadStrategy: normal, platformName: WINDOWS, proxy: Proxy(), se:cdp: ws://localhost:50836/devtoo..., se:cdpVersion: 115.0.5790.171, setWindowRect: true, strictFileInteractability: false, timeouts: {implicit: 0, pageLoad: 300000, script: 30000}, unhandledPromptBehavior: dismiss and notify, webauthn:extension:credBlob: true, webauthn:extension:largeBlob: true, webauthn:extension:minPinLength: true, webauthn:extension:prf: true, webauthn:virtualAuthenticators: true}
Session ID: 0a486ca5541fd68998bc7001e393191b
at java.base/jdk.internal.reflect.NativeConstructorAccessorImpl.newInstance0(Native Method)
at java.base/jdk.internal.reflect.NativeConstructorAccessorImpl.newInstance(NativeConstructorAccessorImpl.java:77)
at java.base/jdk.internal.reflect.DelegatingConstructorAccessorImpl.newInstance(DelegatingConstructorAccessorImpl.java:45)
at java.base/java.lang.reflect.Constructor.newInstanceWithCaller(Constructor.java:499)
at java.base/java.lang.reflect.Constructor.newInstance(Constructor.java:480)
at org.openqa.selenium.remote.codec.w3c.W3CHttpResponseCodec.createException(W3CHttpResponseCodec.java:200)
at org.openqa.selenium.remote.codec.w3c.W3CHttpResponseCodec.decode(W3CHttpResponseCodec.java:133)
at org.openqa.selenium.remote.codec.w3c.W3CHttpResponseCodec.decode(W3CHttpResponseCodec.java:53)
at org.openqa.selenium.remote.HttpCommandExecutor.execute(HttpCommandExecutor.java:193)
at org.openqa.selenium.remote.service.DriverCommandExecutor.invokeExecute(DriverCommandExecutor.java:183)
at org.openqa.selenium.remote.service.DriverCommandExecutor.execute(DriverCommandExecutor.java:158)
at org.openqa.selenium.remote.RemoteWebDriver.execute(RemoteWebDriver.java:543)
at org.openqa.selenium.remote.ElementLocation$ElementFinder$2.findElement(ElementLocation.java:162)
at org.openqa.selenium.remote.ElementLocation.findElement(ElementLocation.java:60)
at org.openqa.selenium.remote.RemoteWebDriver.findElement(RemoteWebDriver.java:352)
at org.openqa.selenium.remote.RemoteWebDriver.findElement(RemoteWebDriver.java:344)
at Pages.CartPage.cshop(CartPage.java:26)
at Tests.CartTest.adcart(CartTest.java:15)
at java.base/jdk.internal.reflect.NativeMethodAccessorImpl.invoke0(Native Method)
at java.base/jdk.internal.reflect.NativeMethodAccessorImpl.invoke(NativeMethodAccessorImpl.java:77)
at java.base/jdk.internal.reflect.DelegatingMethodAccessorImpl.invoke(DelegatingMethodAccessorImpl.java:43)
at java.base/java.lang.reflect.Method.invoke(Method.java:568)
at org.testng.internal.MethodInvocationHelper.invokeMethod(MethodInvocationHelper.java:133)
at org.testng.internal.TestInvoker.invokeMethod(TestInvoker.java:598)
at org.testng.internal.TestInvoker.invokeTestMethod(TestInvoker.java:173)
at org.testng.internal.MethodRunner.runInSequence(MethodRunner.java:46)
at org.testng.internal.TestInvoker$MethodInvocationAgent.invoke(TestInvoker.java:824)
at org.testng.internal.TestInvoker.invokeTestMethods(TestInvoker.java:146)
at org.testng.internal.TestMethodWorker.invokeTestMethods(TestMethodWorker.java:146)
at org.testng.internal.TestMethodWorker.run(TestMethodWorker.java:128)
at java.base/java.util.ArrayList.forEach(ArrayList.java:1511)
at org.testng.TestRunner.privateRun(TestRunner.java:794)
at org.testng.TestRunner.run(TestRunner.java:596)
at org.testng.SuiteRunner.runTest(SuiteRunner.java:377)
at org.testng.SuiteRunner.runSequentially(SuiteRunner.java:371)
at org.testng.SuiteRunner.privateRun(SuiteRunner.java:332)
at org.testng.SuiteRunner.run(SuiteRunner.java:276)
at org.testng.SuiteRunnerWorker.runSuite(SuiteRunnerWorker.java:53)
at org.testng.SuiteRunnerWorker.run(SuiteRunnerWorker.java:96)
at org.testng.TestNG.runSuitesSequentially(TestNG.java:1212)
at org.testng.TestNG.runSuitesLocally(TestNG.java:1134)
at org.testng.TestNG.runSuites(TestNG.java:1063)
at org.testng.TestNG.run(TestNG.java:1031)
at org.testng.remote.AbstractRemoteTestNG.run(AbstractRemoteTestNG.java:115)
at org.testng.remote.RemoteTestNG.initAndRun(RemoteTestNG.java:251)
at org.testng.remote.RemoteTestNG.main(RemoteTestNG.java:77)
]]>
            </full-stacktrace>
          </exception> <!-- org.openqa.selenium.NoSuchElementException -->
          <reporter-output>
          </reporter-output>
        </test-method> <!-- adcart -->
      </class> <!-- Tests.CartTest -->
      <class name="Tests.Menu6test">
        <test-method is-config="true" signature="setup()[pri:0, instance:Tests.Menu6test@3012646b]" started-at="2023-08-10T12:40:19 IST" name="setup" finished-at="2023-08-10T12:41:57 IST" duration-ms="98439" status="PASS">
          <reporter-output>
          </reporter-output>
        </test-method> <!-- setup -->
        <test-method signature="perform()[pri:0, instance:Tests.Menu6test@3012646b]" started-at="2023-08-10T12:41:57 IST" name="perform" finished-at="2023-08-10T12:42:16 IST" duration-ms="19391" status="PASS">
          <reporter-output>
          </reporter-output>
        </test-method> <!-- perform -->
      </class> <!-- Tests.Menu6test -->
      <class name="Tests.Menu1test">
        <test-method is-config="true" signature="setup()[pri:0, instance:Tests.Menu1test@4d5650ae]" started-at="2023-08-10T12:25:03 IST" name="setup" finished-at="2023-08-10T12:26:27 IST" duration-ms="83969" status="PASS">
          <reporter-output>
          </reporter-output>
        </test-method> <!-- setup -->
        <test-method signature="perform()[pri:0, instance:Tests.Menu1test@4d5650ae]" started-at="2023-08-10T12:26:27 IST" name="perform" finished-at="2023-08-10T12:27:12 IST" duration-ms="44841" status="PASS">
          <reporter-output>
          </reporter-output>
        </test-method> <!-- perform -->
      </class> <!-- Tests.Menu1test -->
      <class name="Tests.Menu4test">
        <test-method is-config="true" signature="setup()[pri:0, instance:Tests.Menu4test@51c668e3]" started-at="2023-08-10T12:31:45 IST" name="setup" finished-at="2023-08-10T12:32:56 IST" duration-ms="71129" status="PASS">
          <reporter-output>
          </reporter-output>
        </test-method> <!-- setup -->
        <test-method signature="perform()[pri:0, instance:Tests.Menu4test@51c668e3]" started-at="2023-08-10T12:32:56 IST" name="perform" finished-at="2023-08-10T12:38:20 IST" duration-ms="323959" status="PASS">
          <reporter-output>
          </reporter-output>
        </test-method> <!-- perform -->
      </class> <!-- Tests.Menu4test -->
      <class name="Tests.Menu3test">
        <test-method is-config="true" signature="setup()[pri:0, instance:Tests.Menu3test@6fdbe764]" started-at="2023-08-10T12:29:19 IST" name="setup" finished-at="2023-08-10T12:31:05 IST" duration-ms="106615" status="PASS">
          <reporter-output>
          </reporter-output>
        </test-method> <!-- setup -->
        <test-method signature="perform()[pri:0, instance:Tests.Menu3test@6fdbe764]" started-at="2023-08-10T12:31:05 IST" name="perform" finished-at="2023-08-10T12:31:45 IST" duration-ms="39320" status="PASS">
          <reporter-output>
          </reporter-output>
        </test-method> <!-- perform -->
      </class> <!-- Tests.Menu3test -->
      <class name="Tests.Menu2test">
        <test-method is-config="true" signature="setup()[pri:0, instance:Tests.Menu2test@a38c7fe]" started-at="2023-08-10T12:27:12 IST" name="setup" finished-at="2023-08-10T12:28:37 IST" duration-ms="85367" status="PASS">
          <reporter-output>
          </reporter-output>
        </test-method> <!-- setup -->
        <test-method signature="perform2()[pri:0, instance:Tests.Menu2test@a38c7fe]" started-at="2023-08-10T12:28:37 IST" name="perform2" finished-at="2023-08-10T12:29:19 IST" duration-ms="41698" status="PASS">
          <reporter-output>
          </reporter-output>
        </test-method> <!-- perform2 -->
      </class> <!-- Tests.Menu2test -->
      <class name="Tests.SigninTest">
        <test-method is-config="true" signature="setup()[pri:0, instance:Tests.SigninTest@3e11f9e9]" started-at="2023-08-10T12:22:48 IST" name="setup" finished-at="2023-08-10T12:23:37 IST" duration-ms="48900" status="PASS">
          <reporter-output>
          </reporter-output>
        </test-method> <!-- setup -->
        <test-method signature="signin3()[pri:0, instance:Tests.SigninTest@3e11f9e9]" started-at="2023-08-10T12:23:37 IST" name="signin3" finished-at="2023-08-10T12:24:00 IST" duration-ms="22961" status="PASS">
          <reporter-output>
          </reporter-output>
        </test-method> <!-- signin3 -->
      </class> <!-- Tests.SigninTest -->
    </test> <!-- Test -->
  </suite> <!-- Suite -->
</testng-results>
